[2024-09-29 10:08:41,159] INFO [Controller id=0 epoch=5] Sending UpdateMetadata request to brokers HashSet(0) for 0 partitions (state.change.logger)
[2024-09-29 10:08:41,666] INFO [Controller id=0 epoch=5] Sending LeaderAndIsr request to broker 0 with 51 become-leader and 0 become-follower partitions (state.change.logger)
[2024-09-29 10:08:41,708] INFO [Controller id=0 epoch=5] Sending UpdateMetadata request to brokers HashSet(0) for 51 partitions (state.change.logger)
[2024-09-29 10:08:42,605] INFO [Broker id=0] Handling LeaderAndIsr request correlationId 1 from controller 0 for 51 partitions (state.change.logger)
[2024-09-29 10:08:42,815] INFO [Broker id=0] Stopped fetchers as part of LeaderAndIsr request correlationId 1 from controller 0 epoch 5 as part of the become-leader transition for 51 partitions (state.change.logger)
[2024-09-29 10:08:42,935] INFO [Broker id=0] Leader __consumer_offsets-3 with topic id Some(9MrRvgwBTmOvxVWgMOfzEw) starts at leader epoch 0 from offset 0 with partition epoch 0, high watermark 0, ISR [0], adding replicas [] and removing replicas [] . Previous leader epoch was -1. (state.change.logger)
[2024-09-29 10:08:42,985] INFO [Broker id=0] Leader __consumer_offsets-18 with topic id Some(9MrRvgwBTmOvxVWgMOfzEw) starts at leader epoch 0 from offset 0 with partition epoch 0, high watermark 0, ISR [0], adding replicas [] and removing replicas [] . Previous leader epoch was -1. (state.change.logger)
[2024-09-29 10:08:42,993] INFO [Broker id=0] Leader __consumer_offsets-41 with topic id Some(9MrRvgwBTmOvxVWgMOfzEw) starts at leader epoch 0 from offset 0 with partition epoch 0, high watermark 0, ISR [0], adding replicas [] and removing replicas [] . Previous leader epoch was -1. (state.change.logger)
[2024-09-29 10:08:42,999] INFO [Broker id=0] Leader __consumer_offsets-10 with topic id Some(9MrRvgwBTmOvxVWgMOfzEw) starts at leader epoch 0 from offset 3 with partition epoch 0, high watermark 3, ISR [0], adding replicas [] and removing replicas [] . Previous leader epoch was -1. (state.change.logger)
[2024-09-29 10:08:43,006] INFO [Broker id=0] Leader __consumer_offsets-33 with topic id Some(9MrRvgwBTmOvxVWgMOfzEw) starts at leader epoch 0 from offset 0 with partition epoch 0, high watermark 0, ISR [0], adding replicas [] and removing replicas [] . Previous leader epoch was -1. (state.change.logger)
[2024-09-29 10:08:43,011] INFO [Broker id=0] Leader __consumer_offsets-48 with topic id Some(9MrRvgwBTmOvxVWgMOfzEw) starts at leader epoch 0 from offset 0 with partition epoch 0, high watermark 0, ISR [0], adding replicas [] and removing replicas [] . Previous leader epoch was -1. (state.change.logger)
[2024-09-29 10:08:43,023] INFO [Broker id=0] Leader __consumer_offsets-19 with topic id Some(9MrRvgwBTmOvxVWgMOfzEw) starts at leader epoch 0 from offset 0 with partition epoch 0, high watermark 0, ISR [0], adding replicas [] and removing replicas [] . Previous leader epoch was -1. (state.change.logger)
[2024-09-29 10:08:43,033] INFO [Broker id=0] Leader __consumer_offsets-34 with topic id Some(9MrRvgwBTmOvxVWgMOfzEw) starts at leader epoch 0 from offset 0 with partition epoch 0, high watermark 0, ISR [0], adding replicas [] and removing replicas [] . Previous leader epoch was -1. (state.change.logger)
[2024-09-29 10:08:43,038] INFO [Broker id=0] Leader __consumer_offsets-4 with topic id Some(9MrRvgwBTmOvxVWgMOfzEw) starts at leader epoch 0 from offset 0 with partition epoch 0, high watermark 0, ISR [0], adding replicas [] and removing replicas [] . Previous leader epoch was -1. (state.change.logger)
[2024-09-29 10:08:43,048] INFO [Broker id=0] Leader __consumer_offsets-11 with topic id Some(9MrRvgwBTmOvxVWgMOfzEw) starts at leader epoch 0 from offset 0 with partition epoch 0, high watermark 0, ISR [0], adding replicas [] and removing replicas [] . Previous leader epoch was -1. (state.change.logger)
[2024-09-29 10:08:43,052] INFO [Broker id=0] Leader __consumer_offsets-26 with topic id Some(9MrRvgwBTmOvxVWgMOfzEw) starts at leader epoch 0 from offset 0 with partition epoch 0, high watermark 0, ISR [0], adding replicas [] and removing replicas [] . Previous leader epoch was -1. (state.change.logger)
[2024-09-29 10:08:43,063] INFO [Broker id=0] Leader __consumer_offsets-49 with topic id Some(9MrRvgwBTmOvxVWgMOfzEw) starts at leader epoch 0 from offset 0 with partition epoch 0, high watermark 0, ISR [0], adding replicas [] and removing replicas [] . Previous leader epoch was -1. (state.change.logger)
[2024-09-29 10:08:43,070] INFO [Broker id=0] Leader __consumer_offsets-39 with topic id Some(9MrRvgwBTmOvxVWgMOfzEw) starts at leader epoch 0 from offset 0 with partition epoch 0, high watermark 0, ISR [0], adding replicas [] and removing replicas [] . Previous leader epoch was -1. (state.change.logger)
[2024-09-29 10:08:43,080] INFO [Broker id=0] Leader __consumer_offsets-9 with topic id Some(9MrRvgwBTmOvxVWgMOfzEw) starts at leader epoch 0 from offset 0 with partition epoch 0, high watermark 0, ISR [0], adding replicas [] and removing replicas [] . Previous leader epoch was -1. (state.change.logger)
[2024-09-29 10:08:43,085] INFO [Broker id=0] Leader __consumer_offsets-24 with topic id Some(9MrRvgwBTmOvxVWgMOfzEw) starts at leader epoch 0 from offset 0 with partition epoch 0, high watermark 0, ISR [0], adding replicas [] and removing replicas [] . Previous leader epoch was -1. (state.change.logger)
[2024-09-29 10:08:43,097] INFO [Broker id=0] Leader bitcoin-price-topic-0 with topic id Some(jGqw4qjwRsifC7K-JxbyIQ) starts at leader epoch 0 from offset 12 with partition epoch 0, high watermark 12, ISR [0], adding replicas [] and removing replicas [] . Previous leader epoch was -1. (state.change.logger)
[2024-09-29 10:08:43,097] INFO [Broker id=0] Leader __consumer_offsets-31 with topic id Some(9MrRvgwBTmOvxVWgMOfzEw) starts at leader epoch 0 from offset 0 with partition epoch 0, high watermark 0, ISR [0], adding replicas [] and removing replicas [] . Previous leader epoch was -1. (state.change.logger)
[2024-09-29 10:08:43,110] INFO [Broker id=0] Leader __consumer_offsets-46 with topic id Some(9MrRvgwBTmOvxVWgMOfzEw) starts at leader epoch 0 from offset 0 with partition epoch 0, high watermark 0, ISR [0], adding replicas [] and removing replicas [] . Previous leader epoch was -1. (state.change.logger)
[2024-09-29 10:08:43,117] INFO [Broker id=0] Leader __consumer_offsets-1 with topic id Some(9MrRvgwBTmOvxVWgMOfzEw) starts at leader epoch 0 from offset 0 with partition epoch 0, high watermark 0, ISR [0], adding replicas [] and removing replicas [] . Previous leader epoch was -1. (state.change.logger)
[2024-09-29 10:08:43,123] INFO [Broker id=0] Leader __consumer_offsets-16 with topic id Some(9MrRvgwBTmOvxVWgMOfzEw) starts at leader epoch 0 from offset 0 with partition epoch 0, high watermark 0, ISR [0], adding replicas [] and removing replicas [] . Previous leader epoch was -1. (state.change.logger)
[2024-09-29 10:08:43,129] INFO [Broker id=0] Leader __consumer_offsets-2 with topic id Some(9MrRvgwBTmOvxVWgMOfzEw) starts at leader epoch 0 from offset 0 with partition epoch 0, high watermark 0, ISR [0], adding replicas [] and removing replicas [] . Previous leader epoch was -1. (state.change.logger)
[2024-09-29 10:08:43,137] INFO [Broker id=0] Leader __consumer_offsets-25 with topic id Some(9MrRvgwBTmOvxVWgMOfzEw) starts at leader epoch 0 from offset 0 with partition epoch 0, high watermark 0, ISR [0], adding replicas [] and removing replicas [] . Previous leader epoch was -1. (state.change.logger)
[2024-09-29 10:08:43,144] INFO [Broker id=0] Leader __consumer_offsets-40 with topic id Some(9MrRvgwBTmOvxVWgMOfzEw) starts at leader epoch 0 from offset 0 with partition epoch 0, high watermark 0, ISR [0], adding replicas [] and removing replicas [] . Previous leader epoch was -1. (state.change.logger)
[2024-09-29 10:08:43,152] INFO [Broker id=0] Leader __consumer_offsets-47 with topic id Some(9MrRvgwBTmOvxVWgMOfzEw) starts at leader epoch 0 from offset 0 with partition epoch 0, high watermark 0, ISR [0], adding replicas [] and removing replicas [] . Previous leader epoch was -1. (state.change.logger)
[2024-09-29 10:08:43,161] INFO [Broker id=0] Leader __consumer_offsets-17 with topic id Some(9MrRvgwBTmOvxVWgMOfzEw) starts at leader epoch 0 from offset 2 with partition epoch 0, high watermark 2, ISR [0], adding replicas [] and removing replicas [] . Previous leader epoch was -1. (state.change.logger)
[2024-09-29 10:08:43,164] INFO [Broker id=0] Leader __consumer_offsets-32 with topic id Some(9MrRvgwBTmOvxVWgMOfzEw) starts at leader epoch 0 from offset 0 with partition epoch 0, high watermark 0, ISR [0], adding replicas [] and removing replicas [] . Previous leader epoch was -1. (state.change.logger)
[2024-09-29 10:08:43,175] INFO [Broker id=0] Leader __consumer_offsets-37 with topic id Some(9MrRvgwBTmOvxVWgMOfzEw) starts at leader epoch 0 from offset 0 with partition epoch 0, high watermark 0, ISR [0], adding replicas [] and removing replicas [] . Previous leader epoch was -1. (state.change.logger)
[2024-09-29 10:08:43,180] INFO [Broker id=0] Leader __consumer_offsets-7 with topic id Some(9MrRvgwBTmOvxVWgMOfzEw) starts at leader epoch 0 from offset 0 with partition epoch 0, high watermark 0, ISR [0], adding replicas [] and removing replicas [] . Previous leader epoch was -1. (state.change.logger)
[2024-09-29 10:08:43,184] INFO [Broker id=0] Leader __consumer_offsets-22 with topic id Some(9MrRvgwBTmOvxVWgMOfzEw) starts at leader epoch 0 from offset 0 with partition epoch 0, high watermark 0, ISR [0], adding replicas [] and removing replicas [] . Previous leader epoch was -1. (state.change.logger)
[2024-09-29 10:08:43,187] INFO [Broker id=0] Leader __consumer_offsets-29 with topic id Some(9MrRvgwBTmOvxVWgMOfzEw) starts at leader epoch 0 from offset 0 with partition epoch 0, high watermark 0, ISR [0], adding replicas [] and removing replicas [] . Previous leader epoch was -1. (state.change.logger)
[2024-09-29 10:08:43,194] INFO [Broker id=0] Leader __consumer_offsets-44 with topic id Some(9MrRvgwBTmOvxVWgMOfzEw) starts at leader epoch 0 from offset 0 with partition epoch 0, high watermark 0, ISR [0], adding replicas [] and removing replicas [] . Previous leader epoch was -1. (state.change.logger)
[2024-09-29 10:08:43,201] INFO [Broker id=0] Leader __consumer_offsets-14 with topic id Some(9MrRvgwBTmOvxVWgMOfzEw) starts at leader epoch 0 from offset 0 with partition epoch 0, high watermark 0, ISR [0], adding replicas [] and removing replicas [] . Previous leader epoch was -1. (state.change.logger)
[2024-09-29 10:08:43,209] INFO [Broker id=0] Leader __consumer_offsets-23 with topic id Some(9MrRvgwBTmOvxVWgMOfzEw) starts at leader epoch 0 from offset 0 with partition epoch 0, high watermark 0, ISR [0], adding replicas [] and removing replicas [] . Previous leader epoch was -1. (state.change.logger)
[2024-09-29 10:08:43,217] INFO [Broker id=0] Leader __consumer_offsets-38 with topic id Some(9MrRvgwBTmOvxVWgMOfzEw) starts at leader epoch 0 from offset 0 with partition epoch 0, high watermark 0, ISR [0], adding replicas [] and removing replicas [] . Previous leader epoch was -1. (state.change.logger)
[2024-09-29 10:08:43,225] INFO [Broker id=0] Leader __consumer_offsets-8 with topic id Some(9MrRvgwBTmOvxVWgMOfzEw) starts at leader epoch 0 from offset 0 with partition epoch 0, high watermark 0, ISR [0], adding replicas [] and removing replicas [] . Previous leader epoch was -1. (state.change.logger)
[2024-09-29 10:08:43,232] INFO [Broker id=0] Leader __consumer_offsets-45 with topic id Some(9MrRvgwBTmOvxVWgMOfzEw) starts at leader epoch 0 from offset 0 with partition epoch 0, high watermark 0, ISR [0], adding replicas [] and removing replicas [] . Previous leader epoch was -1. (state.change.logger)
[2024-09-29 10:08:43,238] INFO [Broker id=0] Leader __consumer_offsets-15 with topic id Some(9MrRvgwBTmOvxVWgMOfzEw) starts at leader epoch 0 from offset 0 with partition epoch 0, high watermark 0, ISR [0], adding replicas [] and removing replicas [] . Previous leader epoch was -1. (state.change.logger)
[2024-09-29 10:08:43,245] INFO [Broker id=0] Leader __consumer_offsets-30 with topic id Some(9MrRvgwBTmOvxVWgMOfzEw) starts at leader epoch 0 from offset 0 with partition epoch 0, high watermark 0, ISR [0], adding replicas [] and removing replicas [] . Previous leader epoch was -1. (state.change.logger)
[2024-09-29 10:08:43,254] INFO [Broker id=0] Leader __consumer_offsets-0 with topic id Some(9MrRvgwBTmOvxVWgMOfzEw) starts at leader epoch 0 from offset 0 with partition epoch 0, high watermark 0, ISR [0], adding replicas [] and removing replicas [] . Previous leader epoch was -1. (state.change.logger)
[2024-09-29 10:08:43,258] INFO [Broker id=0] Leader __consumer_offsets-35 with topic id Some(9MrRvgwBTmOvxVWgMOfzEw) starts at leader epoch 0 from offset 700 with partition epoch 0, high watermark 700, ISR [0], adding replicas [] and removing replicas [] . Previous leader epoch was -1. (state.change.logger)
[2024-09-29 10:08:43,262] INFO [Broker id=0] Leader __consumer_offsets-5 with topic id Some(9MrRvgwBTmOvxVWgMOfzEw) starts at leader epoch 0 from offset 0 with partition epoch 0, high watermark 0, ISR [0], adding replicas [] and removing replicas [] . Previous leader epoch was -1. (state.change.logger)
[2024-09-29 10:08:43,272] INFO [Broker id=0] Leader __consumer_offsets-20 with topic id Some(9MrRvgwBTmOvxVWgMOfzEw) starts at leader epoch 0 from offset 0 with partition epoch 0, high watermark 0, ISR [0], adding replicas [] and removing replicas [] . Previous leader epoch was -1. (state.change.logger)
[2024-09-29 10:08:43,280] INFO [Broker id=0] Leader __consumer_offsets-27 with topic id Some(9MrRvgwBTmOvxVWgMOfzEw) starts at leader epoch 0 from offset 0 with partition epoch 0, high watermark 0, ISR [0], adding replicas [] and removing replicas [] . Previous leader epoch was -1. (state.change.logger)
[2024-09-29 10:08:43,285] INFO [Broker id=0] Leader __consumer_offsets-42 with topic id Some(9MrRvgwBTmOvxVWgMOfzEw) starts at leader epoch 0 from offset 0 with partition epoch 0, high watermark 0, ISR [0], adding replicas [] and removing replicas [] . Previous leader epoch was -1. (state.change.logger)
[2024-09-29 10:08:43,289] INFO [Broker id=0] Leader __consumer_offsets-12 with topic id Some(9MrRvgwBTmOvxVWgMOfzEw) starts at leader epoch 0 from offset 0 with partition epoch 0, high watermark 0, ISR [0], adding replicas [] and removing replicas [] . Previous leader epoch was -1. (state.change.logger)
[2024-09-29 10:08:43,301] INFO [Broker id=0] Leader __consumer_offsets-21 with topic id Some(9MrRvgwBTmOvxVWgMOfzEw) starts at leader epoch 0 from offset 0 with partition epoch 0, high watermark 0, ISR [0], adding replicas [] and removing replicas [] . Previous leader epoch was -1. (state.change.logger)
[2024-09-29 10:08:43,306] INFO [Broker id=0] Leader __consumer_offsets-36 with topic id Some(9MrRvgwBTmOvxVWgMOfzEw) starts at leader epoch 0 from offset 0 with partition epoch 0, high watermark 0, ISR [0], adding replicas [] and removing replicas [] . Previous leader epoch was -1. (state.change.logger)
[2024-09-29 10:08:43,313] INFO [Broker id=0] Leader __consumer_offsets-6 with topic id Some(9MrRvgwBTmOvxVWgMOfzEw) starts at leader epoch 0 from offset 0 with partition epoch 0, high watermark 0, ISR [0], adding replicas [] and removing replicas [] . Previous leader epoch was -1. (state.change.logger)
[2024-09-29 10:08:43,317] INFO [Broker id=0] Leader __consumer_offsets-43 with topic id Some(9MrRvgwBTmOvxVWgMOfzEw) starts at leader epoch 0 from offset 0 with partition epoch 0, high watermark 0, ISR [0], adding replicas [] and removing replicas [] . Previous leader epoch was -1. (state.change.logger)
[2024-09-29 10:08:43,324] INFO [Broker id=0] Leader __consumer_offsets-13 with topic id Some(9MrRvgwBTmOvxVWgMOfzEw) starts at leader epoch 0 from offset 0 with partition epoch 0, high watermark 0, ISR [0], adding replicas [] and removing replicas [] . Previous leader epoch was -1. (state.change.logger)
[2024-09-29 10:08:43,334] INFO [Broker id=0] Leader __consumer_offsets-28 with topic id Some(9MrRvgwBTmOvxVWgMOfzEw) starts at leader epoch 0 from offset 0 with partition epoch 0, high watermark 0, ISR [0], adding replicas [] and removing replicas [] . Previous leader epoch was -1. (state.change.logger)
[2024-09-29 10:08:43,625] INFO [Broker id=0] Finished LeaderAndIsr request in 1010ms correlationId 1 from controller 0 for 51 partitions (state.change.logger)
[2024-09-29 10:08:43,762] INFO [Broker id=0] Add 51 partitions and deleted 0 partitions from metadata cache in response to UpdateMetadata request sent by controller 0 epoch 5 with correlation id 2 (state.change.logger)
